<?xml version="1.0" encoding="UTF-8"?>
<!-- Generated by org.testng.reporters.JUnitXMLReporter -->
<testsuite ignored="0" hostname="DESKTOP-RG41173" failures="0" tests="8" name="EdgeTest of SocalTradepro Page 05" time="17.06" errors="0" timestamp="2020-07-22T17:46:04 IST">
  <testcase classname="socaldesignautomation.SocalTradepro05" name="AccessTheTradeProDirectoryDesignVerification" time="0.222"/>
  <testcase classname="socaldesignautomation.SocalTradepro05" name="EducationAndTrainingDesignVerification" time="0.172"/>
  <testcase classname="socaldesignautomation.SocalTradepro05" name="EnergyEfficiencyRebatesAndIncentivesDesignVerification" time="0.157"/>
  <testcase classname="socaldesignautomation.SocalTradepro05" name="JoinTheTradeProDirectoryDesignVerification" time="0.272"/>
  <testcase classname="socaldesignautomation.SocalTradepro05" name="ReceiveFullRebateApplicationSupportDesignVerification" time="0.248"/>
  <testcase classname="socaldesignautomation.SocalTradepro05" name="SubscribeToOurQuarterlyNewsletterDesignVerification" time="0.149"/>
  <testcase classname="socaldesignautomation.SocalTradepro05" name="TradeProSpotlightDesignVerification" time="0.227"/>
  <testcase classname="socaldesignautomation.SocalTradepro05" name="TradeProfessionalProgramDesignVerification" time="0.265"/>
</testsuite> <!-- EdgeTest of SocalTradepro Page 05 -->
