<?xml version="1.0" encoding="UTF-8"?>
<!-- Generated by org.testng.reporters.JUnitXMLReporter -->
<testsuite ignored="0" hostname="DESKTOP-RG41173" failures="8" tests="12" name="FireFox" time="29.534" errors="0" timestamp="2020-07-22T13:34:30 IST">
  <testcase classname="socaldesignautomation.SocalRebates01" name="BusinessRebatesDesignVerification" time="1.248">
    <failure type="java.lang.AssertionError" message="expected [Interstate, Helvetica, &amp;quot;sans-serif&amp;quot;] but found [Interstate, Helvetica, sans-serif]">
      <![CDATA[java.lang.AssertionError: expected [Interstate, Helvetica, "sans-serif"] but found [Interstate, Helvetica, sans-serif]
at socaldesignautomation.SocalRebates01.BusinessRebatesDesignVerification(SocalRebates01.java:226)
at java.base/java.util.ArrayList.forEach(ArrayList.java:1507)
at java.base/java.util.concurrent.FutureTask.run(FutureTask.java:264)
at java.base/java.util.concurrent.ThreadPoolExecutor.runWorker(ThreadPoolExecutor.java:1128)
at java.base/java.util.concurrent.ThreadPoolExecutor$Worker.run(ThreadPoolExecutor.java:628)
at java.base/java.lang.Thread.run(Thread.java:830)
... Removed 23 stack frames]]>
    </failure>
  </testcase> <!-- BusinessRebatesDesignVerification -->
  <testcase classname="socaldesignautomation.SocalRebates01" name="ConnectWithUsFooterDesignVerification" time="0.224">
    <failure type="java.lang.AssertionError" message="expected [Interstate, Helvetica, &amp;quot;sans-serif&amp;quot;] but found [Interstate, Helvetica, sans-serif]">
      <![CDATA[java.lang.AssertionError: expected [Interstate, Helvetica, "sans-serif"] but found [Interstate, Helvetica, sans-serif]
at socaldesignautomation.SocalRebates01.ConnectWithUsFooterDesignVerification(SocalRebates01.java:324)
at java.base/java.util.ArrayList.forEach(ArrayList.java:1507)
at java.base/java.util.concurrent.FutureTask.run(FutureTask.java:264)
at java.base/java.util.concurrent.ThreadPoolExecutor.runWorker(ThreadPoolExecutor.java:1128)
at java.base/java.util.concurrent.ThreadPoolExecutor$Worker.run(ThreadPoolExecutor.java:628)
at java.base/java.lang.Thread.run(Thread.java:830)
... Removed 23 stack frames]]>
    </failure>
  </testcase> <!-- ConnectWithUsFooterDesignVerification -->
  <testcase classname="socaldesignautomation.SocalRebates01" name="EnergyEfficiencyFinancingDesignVerification" time="0.089">
    <failure type="java.lang.AssertionError" message="expected [Interstate, Helvetica, &amp;quot;sans-serif&amp;quot;] but found [Interstate, Helvetica, sans-serif]">
      <![CDATA[java.lang.AssertionError: expected [Interstate, Helvetica, "sans-serif"] but found [Interstate, Helvetica, sans-serif]
at socaldesignautomation.SocalRebates01.EnergyEfficiencyFinancingDesignVerification(SocalRebates01.java:268)
at java.base/java.util.ArrayList.forEach(ArrayList.java:1507)
at java.base/java.util.concurrent.FutureTask.run(FutureTask.java:264)
at java.base/java.util.concurrent.ThreadPoolExecutor.runWorker(ThreadPoolExecutor.java:1128)
at java.base/java.util.concurrent.ThreadPoolExecutor$Worker.run(ThreadPoolExecutor.java:628)
at java.base/java.lang.Thread.run(Thread.java:830)
... Removed 23 stack frames]]>
    </failure>
  </testcase> <!-- EnergyEfficiencyFinancingDesignVerification -->
  <testcase classname="socaldesignautomation.SocalRebates01" name="FooterDesignVerification" time="0.096">
    <failure type="java.lang.AssertionError" message="expected [Interstate, Helvetica, &amp;quot;sans-serif&amp;quot;] but found [Interstate, Helvetica, sans-serif]">
      <![CDATA[java.lang.AssertionError: expected [Interstate, Helvetica, "sans-serif"] but found [Interstate, Helvetica, sans-serif]
at socaldesignautomation.SocalRebates01.FooterDesignVerification(SocalRebates01.java:309)
at java.base/java.util.ArrayList.forEach(ArrayList.java:1507)
at java.base/java.util.concurrent.FutureTask.run(FutureTask.java:264)
at java.base/java.util.concurrent.ThreadPoolExecutor.runWorker(ThreadPoolExecutor.java:1128)
at java.base/java.util.concurrent.ThreadPoolExecutor$Worker.run(ThreadPoolExecutor.java:628)
at java.base/java.lang.Thread.run(Thread.java:830)
... Removed 23 stack frames]]>
    </failure>
  </testcase> <!-- FooterDesignVerification -->
  <testcase classname="socaldesignautomation.SocalRebates01" name="FooterDisclaimerTextDesignVerification" time="0.066"/>
  <testcase classname="socaldesignautomation.SocalRebates01" name="LogoIsPresentOrNotVerification" time="0.064"/>
  <testcase classname="socaldesignautomation.SocalRebates01" name="MainNavHeaderDesignVerification" time="0.142"/>
  <testcase classname="socaldesignautomation.SocalRebates01" name="RebatesAndIncentiveDesignVerification" time="0.117">
    <failure type="java.lang.AssertionError" message="expected [Interstate, Helvetica, &amp;quot;sans-serif&amp;quot;] but found [Interstate, Helvetica, sans-serif]">
      <![CDATA[java.lang.AssertionError: expected [Interstate, Helvetica, "sans-serif"] but found [Interstate, Helvetica, sans-serif]
at socaldesignautomation.SocalRebates01.RebatesAndIncentiveDesignVerification(SocalRebates01.java:120)
at java.base/java.util.ArrayList.forEach(ArrayList.java:1507)
at java.base/java.util.concurrent.FutureTask.run(FutureTask.java:264)
at java.base/java.util.concurrent.ThreadPoolExecutor.runWorker(ThreadPoolExecutor.java:1128)
at java.base/java.util.concurrent.ThreadPoolExecutor$Worker.run(ThreadPoolExecutor.java:628)
at java.base/java.lang.Thread.run(Thread.java:830)
... Removed 23 stack frames]]>
    </failure>
  </testcase> <!-- RebatesAndIncentiveDesignVerification -->
  <testcase classname="socaldesignautomation.SocalRebates01" name="ResidentialRebatesDesignVerification" time="0.051">
    <failure type="java.lang.AssertionError" message="expected [Interstate, Helvetica, &amp;quot;sans-serif&amp;quot;] but found [Interstate, Helvetica, sans-serif]">
      <![CDATA[java.lang.AssertionError: expected [Interstate, Helvetica, "sans-serif"] but found [Interstate, Helvetica, sans-serif]
at socaldesignautomation.SocalRebates01.ResidentialRebatesDesignVerification(SocalRebates01.java:147)
at java.base/java.util.ArrayList.forEach(ArrayList.java:1507)
at java.base/java.util.concurrent.FutureTask.run(FutureTask.java:264)
at java.base/java.util.concurrent.ThreadPoolExecutor.runWorker(ThreadPoolExecutor.java:1128)
at java.base/java.util.concurrent.ThreadPoolExecutor$Worker.run(ThreadPoolExecutor.java:628)
at java.base/java.lang.Thread.run(Thread.java:830)
... Removed 23 stack frames]]>
    </failure>
  </testcase> <!-- ResidentialRebatesDesignVerification -->
  <testcase classname="socaldesignautomation.SocalRebates01" name="SearchSoCalGasDesignVerification" time="0.038">
    <failure type="java.lang.AssertionError" message="expected [Arial, Helvetica, &amp;quot;sans-serif&amp;quot;] but found [Arial, Helvetica, sans-serif]">
      <![CDATA[java.lang.AssertionError: expected [Arial, Helvetica, "sans-serif"] but found [Arial, Helvetica, sans-serif]
at socaldesignautomation.SocalRebates01.SearchSoCalGasDesignVerification(SocalRebates01.java:93)
at java.base/java.util.ArrayList.forEach(ArrayList.java:1507)
at java.base/java.util.concurrent.FutureTask.run(FutureTask.java:264)
at java.base/java.util.concurrent.ThreadPoolExecutor.runWorker(ThreadPoolExecutor.java:1128)
at java.base/java.util.concurrent.ThreadPoolExecutor$Worker.run(ThreadPoolExecutor.java:628)
at java.base/java.lang.Thread.run(Thread.java:830)
... Removed 23 stack frames]]>
    </failure>
  </testcase> <!-- SearchSoCalGasDesignVerification -->
  <testcase classname="socaldesignautomation.SocalRebates01" name="SoCalGasMarketPlaceDesignVerification" time="0.03">
    <failure type="java.lang.AssertionError" message="expected [Interstate, Helvetica, &amp;quot;sans-serif&amp;quot;] but found [Interstate, Helvetica, sans-serif]">
      <![CDATA[java.lang.AssertionError: expected [Interstate, Helvetica, "sans-serif"] but found [Interstate, Helvetica, sans-serif]
at socaldesignautomation.SocalRebates01.SoCalGasMarketPlaceDesignVerification(SocalRebates01.java:189)
at java.base/java.util.ArrayList.forEach(ArrayList.java:1507)
at java.base/java.util.concurrent.FutureTask.run(FutureTask.java:264)
at java.base/java.util.concurrent.ThreadPoolExecutor.runWorker(ThreadPoolExecutor.java:1128)
at java.base/java.util.concurrent.ThreadPoolExecutor$Worker.run(ThreadPoolExecutor.java:628)
at java.base/java.lang.Thread.run(Thread.java:830)
... Removed 23 stack frames]]>
    </failure>
  </testcase> <!-- SoCalGasMarketPlaceDesignVerification -->
  <testcase classname="socaldesignautomation.SocalRebates01" name="UtilityNavHearderDesignVerificatin" time="0.078"/>
</testsuite> <!-- FireFox -->
