<?xml version="1.0" encoding="UTF-8"?>
<!-- Generated by org.testng.reporters.JUnitXMLReporter -->
<testsuite ignored="0" hostname="DESKTOP-RG41173" failures="0" tests="17" name="SocalCareers Page 17" time="16.681" errors="0" timestamp="2020-07-27T12:08:05 IST">
  <testcase classname="socaldesignautomation.SocalCareers17" name="CareerOpeningsDesignVerification" time="0.169"/>
  <testcase classname="socaldesignautomation.SocalCareers17" name="CareersDesignVerification" time="0.131"/>
  <testcase classname="socaldesignautomation.SocalCareers17" name="ConnectWithUsFooterDesignVerification" time="0.063"/>
  <testcase classname="socaldesignautomation.SocalCareers17" name="EmployeeBenefitsDesignVerification" time="0.187"/>
  <testcase classname="socaldesignautomation.SocalCareers17" name="FooterDesignVerification" time="0.059"/>
  <testcase classname="socaldesignautomation.SocalCareers17" name="FooterDisclaimerTextDesignVerification" time="0.054"/>
  <testcase classname="socaldesignautomation.SocalCareers17" name="LogoIsPresentOrNotVerification" time="0.026"/>
  <testcase classname="socaldesignautomation.SocalCareers17" name="MainNavHeaderDesignVerification" time="0.054"/>
  <testcase classname="socaldesignautomation.SocalCareers17" name="MilitaryVeteransDesignVerification" time="0.174"/>
  <testcase classname="socaldesignautomation.SocalCareers17" name="OpportunitiesForStudentsAndCollegeGradsDesignVerification" time="0.153"/>
  <testcase classname="socaldesignautomation.SocalCareers17" name="ParttimeCustomerServiceRepresentativeDesignVerification" time="0.133"/>
  <testcase classname="socaldesignautomation.SocalCareers17" name="RecruitmentEventsDesignVerification" time="0.221"/>
  <testcase classname="socaldesignautomation.SocalCareers17" name="RelatedInformationDesignVerification" time="0.121"/>
  <testcase classname="socaldesignautomation.SocalCareers17" name="SearchSoCalGasDesignVerification" time="0.064"/>
  <testcase classname="socaldesignautomation.SocalCareers17" name="TheApplicationProcessDesignVerification" time="0.168"/>
  <testcase classname="socaldesignautomation.SocalCareers17" name="UtilityNavHearderDesignVerificatin" time="0.128"/>
  <testcase classname="socaldesignautomation.SocalCareers17" name="WeAreSoCalGasDesignVerification" time="0.167"/>
</testsuite> <!-- SocalCareers Page 17 -->
