<?xml version="1.0" encoding="UTF-8"?>
<!-- Generated by org.testng.reporters.JUnitXMLReporter -->
<testsuite ignored="0" hostname="DESKTOP-RG41173" failures="0" tests="12" name="SocalMyAccount Page 08" time="14.194" errors="0" timestamp="2020-07-27T12:06:36 IST">
  <testcase classname="socaldesignautomation.SocalMyAccount08" name="BenefitsOfMyAccount" time="0.19"/>
  <testcase classname="socaldesignautomation.SocalMyAccount08" name="BillManagementDesignVerification" time="0.206"/>
  <testcase classname="socaldesignautomation.SocalMyAccount08" name="ConnectWithUsFooterDesignVerification" time="0.06"/>
  <testcase classname="socaldesignautomation.SocalMyAccount08" name="FooterDesignVerification" time="0.058"/>
  <testcase classname="socaldesignautomation.SocalMyAccount08" name="FooterDisclaimerTextDesignVerification" time="0.084"/>
  <testcase classname="socaldesignautomation.SocalMyAccount08" name="LogInToMyAccountt" time="0.204"/>
  <testcase classname="socaldesignautomation.SocalMyAccount08" name="LogoIsPresentOrNotVerification" time="0.027"/>
  <testcase classname="socaldesignautomation.SocalMyAccount08" name="MainNavHeaderDesignVerification" time="0.066"/>
  <testcase classname="socaldesignautomation.SocalMyAccount08" name="RegisterForMyAccount" time="0.208"/>
  <testcase classname="socaldesignautomation.SocalMyAccount08" name="RegisterForMyAccount_01" time="0.12"/>
  <testcase classname="socaldesignautomation.SocalMyAccount08" name="SearchSoCalGasDesignVerification" time="0.077"/>
  <testcase classname="socaldesignautomation.SocalMyAccount08" name="UtilityNavHearderDesignVerificatin" time="0.23"/>
</testsuite> <!-- SocalMyAccount Page 08 -->
