<?xml version="1.0" encoding="UTF-8"?>
<!-- Generated by org.testng.reporters.JUnitXMLReporter -->
<testsuite ignored="0" hostname="DESKTOP-RG41173" failures="0" tests="15" name="SocalAssistancePrograms Page 22" time="14.988" errors="0" timestamp="2020-07-27T12:08:39 IST">
  <testcase classname="socaldesignautomation.SocalAssistancePrograms22" name="AssistanceProgramsDesignVerification" time="0.116"/>
  <testcase classname="socaldesignautomation.SocalAssistancePrograms22" name="CaliforniaAlternateRatesForEnergyDesignVerification" time="0.161"/>
  <testcase classname="socaldesignautomation.SocalAssistancePrograms22" name="ConnectWithUsFooterDesignVerification" time="0.058"/>
  <testcase classname="socaldesignautomation.SocalAssistancePrograms22" name="EndParagraphDesignVerification" time="0.055"/>
  <testcase classname="socaldesignautomation.SocalAssistancePrograms22" name="FooterDesignVerification" time="0.052"/>
  <testcase classname="socaldesignautomation.SocalAssistancePrograms22" name="FooterDisclaimerTextDesignVerification" time="0.057"/>
  <testcase classname="socaldesignautomation.SocalAssistancePrograms22" name="GasAssistanceFundDesignVerification" time="0.158"/>
  <testcase classname="socaldesignautomation.SocalAssistancePrograms22" name="LogoIsPresentOrNotVerification" time="0.022"/>
  <testcase classname="socaldesignautomation.SocalAssistancePrograms22" name="LowIncomeHomeEnergyAssistanceDesignVerification" time="0.16"/>
  <testcase classname="socaldesignautomation.SocalAssistancePrograms22" name="MainNavHeaderDesignVerification" time="0.054"/>
  <testcase classname="socaldesignautomation.SocalAssistancePrograms22" name="OtherlanguagesDesignVerification" time="0.144"/>
  <testcase classname="socaldesignautomation.SocalAssistancePrograms22" name="ResidentialDirectInstallProgramDesignVerification" time="0.164"/>
  <testcase classname="socaldesignautomation.SocalAssistancePrograms22" name="SearchSoCalGasDesignVerification" time="0.05"/>
  <testcase classname="socaldesignautomation.SocalAssistancePrograms22" name="UsefulLinksDesignVerification" time="0.103"/>
  <testcase classname="socaldesignautomation.SocalAssistancePrograms22" name="UtilityNavHearderDesignVerificatin" time="0.101"/>
</testsuite> <!-- SocalAssistancePrograms Page 22 -->
