<?xml version="1.0" encoding="UTF-8"?>
<!-- Generated by org.testng.reporters.JUnitXMLReporter -->
<testsuite ignored="0" hostname="DESKTOP-RG41173" failures="0" tests="16" name="SocalCaliforniaAlternateRatesForEnergy Page 13" time="22.66" errors="0" timestamp="2020-07-27T12:07:32 IST">
  <testcase classname="socaldesignautomation.SocalCaliforniaAlternateRatesForEnergy13" name="ApplyByMailDesignVerification" time="0.436"/>
  <testcase classname="socaldesignautomation.SocalCaliforniaAlternateRatesForEnergy13" name="CaliforniaAlternateRatesForEnergyCAREDesignVerification" time="0.164"/>
  <testcase classname="socaldesignautomation.SocalCaliforniaAlternateRatesForEnergy13" name="CapitationAgenciesDesignVerification" time="0.347"/>
  <testcase classname="socaldesignautomation.SocalCaliforniaAlternateRatesForEnergy13" name="ConditionsForParticipationDesignVerification" time="0.462"/>
  <testcase classname="socaldesignautomation.SocalCaliforniaAlternateRatesForEnergy13" name="ConnectWithUsFooterDesignVerification" time="0.129"/>
  <testcase classname="socaldesignautomation.SocalCaliforniaAlternateRatesForEnergy13" name="FooterDesignVerification" time="0.088"/>
  <testcase classname="socaldesignautomation.SocalCaliforniaAlternateRatesForEnergy13" name="FooterDisclaimerTextDesignVerification" time="0.063"/>
  <testcase classname="socaldesignautomation.SocalCaliforniaAlternateRatesForEnergy13" name="LogoIsPresentOrNotVerification" time="0.027"/>
  <testcase classname="socaldesignautomation.SocalCaliforniaAlternateRatesForEnergy13" name="MainNavHeaderDesignVerification" time="0.077"/>
  <testcase classname="socaldesignautomation.SocalCaliforniaAlternateRatesForEnergy13" name="MaximumHouseholdIncomeDesignVerification" time="0.227"/>
  <testcase classname="socaldesignautomation.SocalCaliforniaAlternateRatesForEnergy13" name="PublicAssistanceProgramsDesignVerification" time="0.311"/>
  <testcase classname="socaldesignautomation.SocalCaliforniaAlternateRatesForEnergy13" name="QualifiedBusinessesDesignVerification" time="0.304"/>
  <testcase classname="socaldesignautomation.SocalCaliforniaAlternateRatesForEnergy13" name="SearchSoCalGasDesignVerification" time="0.06"/>
  <testcase classname="socaldesignautomation.SocalCaliforniaAlternateRatesForEnergy13" name="SoCalGasCaresDesignVerification" time="0.455"/>
  <testcase classname="socaldesignautomation.SocalCaliforniaAlternateRatesForEnergy13" name="TheCaliforniaLifeLineProgramDesignVerification" time="0.179"/>
  <testcase classname="socaldesignautomation.SocalCaliforniaAlternateRatesForEnergy13" name="UtilityNavHearderDesignVerificatin" time="0.125"/>
</testsuite> <!-- SocalCaliforniaAlternateRatesForEnergy Page 13 -->
