<?xml version="1.0" encoding="UTF-8"?>
<!-- Generated by org.testng.reporters.JUnitXMLReporter -->
<testsuite ignored="0" hostname="DESKTOP-RG41173" failures="0" tests="3" name="SocalSearchApi Page" time="15.089" errors="0" timestamp="2020-07-22T12:12:05 IST">
  <testcase classname="socaldesignautomation.SocalSearchApi20" name="ApologiesBlockDesignVerification" time="0.255"/>
  <testcase classname="socaldesignautomation.SocalSearchApi20" name="FilterByLanguageDesignVerification" time="0.196"/>
  <testcase classname="socaldesignautomation.SocalSearchApi20" name="SearchTextDesignVerification" time="0.124"/>
</testsuite> <!-- SocalSearchApi Page -->
