<?xml version="1.0" encoding="UTF-8"?>
<!-- Generated by org.testng.reporters.JUnitXMLReporter -->
<testsuite ignored="0" hostname="DESKTOP-RG41173" failures="0" tests="5" name="SocalWaysToPay Page" time="13.775" errors="0" timestamp="2020-07-22T12:10:49 IST">
  <testcase classname="socaldesignautomation.SocalWaysToPay10" name="EasyWaysToPayWithMyAccount" time="0.428"/>
  <testcase classname="socaldesignautomation.SocalWaysToPay10" name="PayByCreditOrDebit" time="0.2"/>
  <testcase classname="socaldesignautomation.SocalWaysToPay10" name="PayByHomeBanking" time="0.232"/>
  <testcase classname="socaldesignautomation.SocalWaysToPay10" name="PaymentAccepted" time="0.136"/>
  <testcase classname="socaldesignautomation.SocalWaysToPay10" name="WaysToPay" time="0.166"/>
</testsuite> <!-- SocalWaysToPay Page -->
