<?xml version="1.0" encoding="UTF-8"?>
<!-- Generated by org.testng.reporters.JUnitXMLReporter -->
<testsuite ignored="0" hostname="DESKTOP-RG41173" failures="0" tests="4" name="SocalScheduleService Page" time="11.652" errors="0" timestamp="2020-07-21T14:51:03 IST">
  <testcase classname="socaldesignautomation.SocalScheduleService16" name="PilotRelightDesignVerification" time="0.157"/>
  <testcase classname="socaldesignautomation.SocalScheduleService16" name="ReportANaturalGasLeakDesignVerification" time="0.157"/>
  <testcase classname="socaldesignautomation.SocalScheduleService16" name="ScheduleServiceDesignVerification" time="0.105"/>
  <testcase classname="socaldesignautomation.SocalScheduleService16" name="TransferServiceDesignVerification" time="0.172"/>
</testsuite> <!-- SocalScheduleService Page -->
