<?xml version="1.0" encoding="UTF-8"?>
<!-- Generated by org.testng.reporters.JUnitXMLReporter -->
<testsuite ignored="0" hostname="DESKTOP-RG41173" failures="0" tests="9" name="Socal HomePage" time="12.206" errors="0" timestamp="2020-07-21T14:49:03 IST">
  <testcase classname="socaldesignautomation.SocalHomePage06" name="BillPaymentOptions" time="0.167"/>
  <testcase classname="socaldesignautomation.SocalHomePage06" name="CovidSupportResponce" time="0.083"/>
  <testcase classname="socaldesignautomation.SocalHomePage06" name="FinancialSupportForYouAndYourFamily" time="0.109"/>
  <testcase classname="socaldesignautomation.SocalHomePage06" name="LogintoMyAccounttopayyourbill" time="0.141"/>
  <testcase classname="socaldesignautomation.SocalHomePage06" name="OurVisionDesignVerification" time="0.142"/>
  <testcase classname="socaldesignautomation.SocalHomePage06" name="ServicesDesignVerification" time="0.159"/>
  <testcase classname="socaldesignautomation.SocalHomePage06" name="SocalgasNews" time="0.185"/>
  <testcase classname="socaldesignautomation.SocalHomePage06" name="StartYourDIYProjectWithSafety" time="0.158"/>
  <testcase classname="socaldesignautomation.SocalHomePage06" name="UnderstandingYourBill" time="0.148"/>
</testsuite> <!-- Socal HomePage -->
