<?xml version="1.0" encoding="UTF-8"?>
<!-- Generated by org.testng.reporters.JUnitXMLReporter -->
<testsuite ignored="0" hostname="DESKTOP-RG41173" failures="0" tests="2" name="SocalBillingandPayment Page" time="10.138" errors="0" timestamp="2020-07-21T14:52:03 IST">
  <testcase classname="socaldesignautomation.SocalBillingandPayment21" name="BillingandPaymentDesignVerification" time="0.063"/>
  <testcase classname="socaldesignautomation.SocalBillingandPayment21" name="LinkTextdesignVerification" time="0.066"/>
</testsuite> <!-- SocalBillingandPayment Page -->
