<?xml version="1.0" encoding="UTF-8"?>
<!-- Generated by org.testng.reporters.JUnitXMLReporter -->
<testsuite ignored="0" hostname="DESKTOP-RG41173" failures="0" tests="3" name="SocalContactUs Page" time="10.184" errors="0" timestamp="2020-07-21T14:49:37 IST">
  <testcase classname="socaldesignautomation.SocalContactUs09" name="ContactTitle" time="0.062"/>
  <testcase classname="socaldesignautomation.SocalContactUs09" name="ForGasEmergenciesORSafetyIssues" time="0.138"/>
  <testcase classname="socaldesignautomation.SocalContactUs09" name="NewsroomDesignVerification" time="0.144"/>
</testsuite> <!-- SocalContactUs Page -->
