<?xml version="1.0" encoding="UTF-8"?>
<!-- Generated by org.testng.reporters.JUnitXMLReporter -->
<testsuite ignored="0" hostname="DESKTOP-RG41173" failures="0" tests="12" name="Socal Rebates Page" time="14.5" errors="0" timestamp="2020-07-21T14:47:55 IST">
  <testcase classname="socaldesignautomation.SocalRebates01" name="BusinessRebatesDesignVerification" time="0.228"/>
  <testcase classname="socaldesignautomation.SocalRebates01" name="ConnectWithUsFooterDesignVerification" time="0.086"/>
  <testcase classname="socaldesignautomation.SocalRebates01" name="EnergyEfficiencyFinancingDesignVerification" time="0.224"/>
  <testcase classname="socaldesignautomation.SocalRebates01" name="FooterDesignVerification" time="0.064"/>
  <testcase classname="socaldesignautomation.SocalRebates01" name="FooterDisclaimerTextDesignVerification" time="0.067"/>
  <testcase classname="socaldesignautomation.SocalRebates01" name="LogoIsPresentOrNotVerification" time="0.034"/>
  <testcase classname="socaldesignautomation.SocalRebates01" name="MainNavHeaderDesignVerification" time="0.074"/>
  <testcase classname="socaldesignautomation.SocalRebates01" name="RebatesAndIncentiveDesignVerification" time="0.159"/>
  <testcase classname="socaldesignautomation.SocalRebates01" name="ResidentialRebatesDesignVerification" time="0.223"/>
  <testcase classname="socaldesignautomation.SocalRebates01" name="SearchSoCalGasDesignVerification" time="0.084"/>
  <testcase classname="socaldesignautomation.SocalRebates01" name="SoCalGasMarketPlaceDesignVerification" time="0.257"/>
  <testcase classname="socaldesignautomation.SocalRebates01" name="UtilityNavHearderDesignVerificatin" time="0.14"/>
</testsuite> <!-- Socal Rebates Page -->
