<?xml version="1.0" encoding="UTF-8"?>
<!-- Generated by org.testng.reporters.JUnitXMLReporter -->
<testsuite ignored="0" hostname="DESKTOP-RG41173" failures="0" tests="2" name="SocalBillAssistance Page 26 Firefox" time="12.512" errors="0" timestamp="2020-08-27T20:28:22 IST">
  <testcase classname="socaldesignautomation.SocalBillAssistance26" name="LinksDesignVerification" time="0.128"/>
  <testcase classname="socaldesignautomation.SocalBillAssistance26" name="BillAssistanceDesignVerification" time="0.137"/>
</testsuite> <!-- SocalBillAssistance Page 26 Firefox -->
