<?xml version="1.0" encoding="UTF-8"?>
<!-- Generated by org.testng.reporters.JUnitXMLReporter -->
<testsuite ignored="0" hostname="DESKTOP-RG41173" failures="0" tests="5" name="SocalWaysToPay Page 10 Chrome" time="14.387" errors="0" timestamp="2020-08-28T12:36:16 IST">
  <testcase classname="socaldesignautomation.SocalWaysToPay10" name="WaysToPay" time="0.435"/>
  <testcase classname="socaldesignautomation.SocalWaysToPay10" name="PaymentAccepted" time="0.446"/>
  <testcase classname="socaldesignautomation.SocalWaysToPay10" name="PayByCreditOrDebit" time="0.593"/>
  <testcase classname="socaldesignautomation.SocalWaysToPay10" name="PayByHomeBanking" time="0.605"/>
  <testcase classname="socaldesignautomation.SocalWaysToPay10" name="EasyWaysToPayWithMyAccount" time="0.707"/>
</testsuite> <!-- SocalWaysToPay Page 10 Chrome -->
