<?xml version="1.0" encoding="UTF-8"?>
<!-- Generated by org.testng.reporters.JUnitXMLReporter -->
<testsuite ignored="0" hostname="DESKTOP-RG41173" failures="0" tests="10" name="SocalNaturalgasApplianceRebates Page 14 Chrome" time="11.431" errors="0" timestamp="2020-08-28T12:40:29 IST">
  <testcase classname="socaldesignautomation.SocalNaturalgasApplianceRebates14" name="AvailableRebatesDesignVerification" time="0.708"/>
  <testcase classname="socaldesignautomation.SocalNaturalgasApplianceRebates14" name="SaveMoneyAndEnergyDesignVerification" time="0.782"/>
  <testcase classname="socaldesignautomation.SocalNaturalgasApplianceRebates14" name="NaturalGasFireplaceInsertsDesignVerification" time="1.087"/>
  <testcase classname="socaldesignautomation.SocalNaturalgasApplianceRebates14" name="FurnaceDesignVerification" time="1.101"/>
  <testcase classname="socaldesignautomation.SocalNaturalgasApplianceRebates14" name="WaysToCheckYourRebateStatusDesignVerififcation" time="1.115"/>
  <testcase classname="socaldesignautomation.SocalNaturalgasApplianceRebates14" name="SmartThermostatDesignVerification" time="1.127"/>
  <testcase classname="socaldesignautomation.SocalNaturalgasApplianceRebates14" name="SoCalGasMarketPlaceDesignVerification" time="1.136"/>
  <testcase classname="socaldesignautomation.SocalNaturalgasApplianceRebates14" name="ImportantNoticesDesignVerififcation" time="1.175"/>
  <testcase classname="socaldesignautomation.SocalNaturalgasApplianceRebates14" name="OtherWaysToApplyForRebatesDesignVerififcation" time="1.264"/>
  <testcase classname="socaldesignautomation.SocalNaturalgasApplianceRebates14" name="GravityWallFurnaceDesignVerification" time="1.277"/>
</testsuite> <!-- SocalNaturalgasApplianceRebates Page 14 Chrome -->
