<?xml version="1.0" encoding="UTF-8"?>
<!-- Generated by org.testng.reporters.JUnitXMLReporter -->
<testsuite ignored="0" hostname="DESKTOP-RG41173" failures="0" tests="9" name="SocalBusinessRebates Page 02 Firefox" time="20.826" errors="0" timestamp="2020-08-28T12:27:17 IST">
  <testcase classname="socaldesignautomation.SocalBusinessRebates02" name="SmallAndMediumBusinessDesignVerification" time="0.742"/>
  <testcase classname="socaldesignautomation.SocalBusinessRebates02" name="DoBusinessWithUsDesignVerification" time="0.958"/>
  <testcase classname="socaldesignautomation.SocalBusinessRebates02" name="NaturalGasRatesExplainedDesignVerification" time="0.95"/>
  <testcase classname="socaldesignautomation.SocalBusinessRebates02" name="BusinessMyAccountDesignVerification" time="1.001"/>
  <testcase classname="socaldesignautomation.SocalBusinessRebates02" name="RebatesAndIncentivesDesignVerification" time="1.063"/>
  <testcase classname="socaldesignautomation.SocalBusinessRebates02" name="EnergyEfficiencyThirdpartyProgramsDesignVerification" time="1.08"/>
  <testcase classname="socaldesignautomation.SocalBusinessRebates02" name="CommercialDirectInstallProgramDesignVerification" time="1.098"/>
  <testcase classname="socaldesignautomation.SocalBusinessRebates02" name="EnergySavingTipsAndToolsDesignVerification" time="1.084"/>
  <testcase classname="socaldesignautomation.SocalBusinessRebates02" name="TradeProfessionalProgramDesignVerification" time="1.103"/>
</testsuite> <!-- SocalBusinessRebates Page 02 Firefox -->
