<?xml version="1.0" encoding="UTF-8"?>
<!-- Generated by org.testng.reporters.JUnitReportReporter -->
<testsuite hostname="DESKTOP-RG41173" failures="0" tests="12" name="socaldesignautomation.SocalLinks" time="41.523" errors="0" timestamp="2020-08-06T14:54:32 IST" skipped="7">
  <testcase classname="socaldesignautomation.SocalLinks" name="FooterLogoNavigation" time="1.248"/>
  <system-out>
Footer Logo image is Displayed & Enabled  </system-out>
  <testcase classname="socaldesignautomation.SocalLinks" name="GlobalNavigation" time="9.497"/>
  <system-out>
Total no of links Available: 7 Pay Bill https://www.socalgas.com/pay-bill - OK Schedule Service https://www.socalgas.com/schedule-service - OK Stay Safe https://www.socalgas.com/stay-safe - OK Save Money & Energy https://www.socalgas.com/save-money-and-energy - OK For Your Business https://www.socalgas.com/for-your-business - OK Smart Energy https://www.socalgas.com/smart-energy - OK Our Community https://www.socalgas.com/our-community - OK  </system-out>
  <testcase classname="socaldesignautomation.SocalLinks" name="FooterLinkNavigation" time="13.504"/>
  <system-out>
Total Size of Footer Links:11 About Us https://www.socalgas.com/about-us - OK Site Map https://www.socalgas.com/site-map - OK Terms & Conditions https://www.socalgas.com/terms-and-conditions - OK Careers https://www.socalgas.com/careers - OK More Languages https://www.socalgas.com/more-languages - OK Energy Usage Request https://www.socalgas.com/for-your-business/energy-savings/energy-usage-requests - OK Newsroom https://www.socalgas.com/newsroom - OK Accessibility Center https://www.socalgas.com/accessibility - OK Privacy https://www.socalgas.com/privacy-center - OK Rates & Regulatory https://www.socalgas.com/regulatory - OK Unclaimed Property https://www.socalgas.com/unclaimed-property - OK  </system-out>
  <testcase classname="socaldesignautomation.SocalLinks" name="UtilityNavLinksNavigation" time="8.010"/>
  <system-out>
Total Size of Utility Nav Links:5 Report a Gas Leak https://www.socalgas.com/report-gas-leak - OK En Español https://www.socalgas.com/es/home - OK Contact Us https://www.socalgas.com/about-us/contact-us - OK Help Center https://www.socalgas.com/help-center - OK Log in/Register https://myaccount.socalgas.com/ - OK  </system-out>
  <testcase classname="socaldesignautomation.SocalLinks" name="ConnectWithUsNavigation" time="9.264"/>
  <system-out>
Total Size of Social Links:5 Facebook
. Opens in a new window. https://facebook.com/socalgas - OK Twitter
. Opens in a new window. https://twitter.com/socalgas - OK Linkedin
. Opens in a new window. Youtube
. Opens in a new window. https://youtube.com/socalgas - OK Instagram
. Opens in a new window. https://instagram.com/socalgas - OK  </system-out>
  <testcase classname="socaldesignautomation.SocalLinks" name="StaySafeNavigation">
    <skipped/>
  </testcase> <!-- StaySafeNavigation -->
  <system-out/>
  <testcase classname="socaldesignautomation.SocalLinks" name="OurCommunityNavigation">
    <skipped/>
  </testcase> <!-- OurCommunityNavigation -->
  <system-out/>
  <testcase classname="socaldesignautomation.SocalLinks" name="SmartEnergyNavigation">
    <skipped/>
  </testcase> <!-- SmartEnergyNavigation -->
  <system-out/>
  <testcase classname="socaldesignautomation.SocalLinks" name="SaveMoneyAndEnergyNavigation">
    <skipped/>
  </testcase> <!-- SaveMoneyAndEnergyNavigation -->
  <system-out/>
  <testcase classname="socaldesignautomation.SocalLinks" name="ScheduleServiceNavigation">
    <skipped/>
  </testcase> <!-- ScheduleServiceNavigation -->
  <system-out/>
  <testcase classname="socaldesignautomation.SocalLinks" name="ForYourBusinessNavigation">
    <skipped/>
  </testcase> <!-- ForYourBusinessNavigation -->
  <system-out/>
  <testcase classname="socaldesignautomation.SocalLinks" name="PayBillsNavigation">
    <skipped/>
  </testcase> <!-- PayBillsNavigation -->
  <system-out/>
</testsuite> <!-- socaldesignautomation.SocalLinks -->
