<?xml version="1.0" encoding="UTF-8"?>
<!-- Generated by org.testng.reporters.JUnitXMLReporter -->
<testsuite ignored="7" hostname="DESKTOP-RG41173" failures="0" tests="5" name="TestChromeTest" time="65.668" errors="0" timestamp="2020-08-12T21:53:02 IST">
  <testcase classname="socaldesignautomation.SocalLinksNavigation" name="ConnectWithUsNavigation" time="7.611"/>
  <testcase classname="socaldesignautomation.SocalLinksNavigation" name="FooterLinkNavigation" time="18.505"/>
  <testcase classname="socaldesignautomation.SocalLinksNavigation" name="FooterLogoNavigation" time="2.349"/>
  <testcase classname="socaldesignautomation.SocalLinksNavigation" name="GlobalNavigation" time="15.976"/>
  <testcase classname="socaldesignautomation.SocalLinksNavigation" name="UtilityNavLinksNavigation" time="9.973"/>
  <testcase classname="socaldesignautomation.SocalLinksNavigation" name="ScheduleServiceNavigation" time="0.0">
    <ignored/>
  </testcase> <!-- ScheduleServiceNavigation -->
  <testcase classname="socaldesignautomation.SocalLinksNavigation" name="SaveMoneyAndEnergyNavigation" time="0.0">
    <ignored/>
  </testcase> <!-- SaveMoneyAndEnergyNavigation -->
  <testcase classname="socaldesignautomation.SocalLinksNavigation" name="PayBillsNavigation" time="0.0">
    <ignored/>
  </testcase> <!-- PayBillsNavigation -->
  <testcase classname="socaldesignautomation.SocalLinksNavigation" name="ForYourBusinessNavigation" time="0.0">
    <ignored/>
  </testcase> <!-- ForYourBusinessNavigation -->
  <testcase classname="socaldesignautomation.SocalLinksNavigation" name="SmartEnergyNavigation" time="0.0">
    <ignored/>
  </testcase> <!-- SmartEnergyNavigation -->
  <testcase classname="socaldesignautomation.SocalLinksNavigation" name="OurCommunityNavigation" time="0.0">
    <ignored/>
  </testcase> <!-- OurCommunityNavigation -->
  <testcase classname="socaldesignautomation.SocalLinksNavigation" name="StaySafeNavigation" time="0.0">
    <ignored/>
  </testcase> <!-- StaySafeNavigation -->
</testsuite> <!-- TestChromeTest -->
